[2025-03-26T19:51:39.989+0000] {taskinstance.py:1083} INFO - Dependencies all met for <TaskInstance: example_bash_operator.run_after_loop scheduled__2025-03-25T00:00:00+00:00 [queued]>
[2025-03-26T19:51:40.006+0000] {taskinstance.py:1083} INFO - Dependencies all met for <TaskInstance: example_bash_operator.run_after_loop scheduled__2025-03-25T00:00:00+00:00 [queued]>
[2025-03-26T19:51:40.006+0000] {taskinstance.py:1279} INFO - 
--------------------------------------------------------------------------------
[2025-03-26T19:51:40.006+0000] {taskinstance.py:1280} INFO - Starting attempt 1 of 1
[2025-03-26T19:51:40.006+0000] {taskinstance.py:1281} INFO - 
--------------------------------------------------------------------------------
[2025-03-26T19:51:40.033+0000] {taskinstance.py:1300} INFO - Executing <Task(BashOperator): run_after_loop> on 2025-03-25 00:00:00+00:00
[2025-03-26T19:51:40.041+0000] {standard_task_runner.py:55} INFO - Started process 1603 to run task
[2025-03-26T19:51:40.045+0000] {standard_task_runner.py:82} INFO - Running: ['***', 'tasks', 'run', 'example_bash_operator', 'run_after_loop', 'scheduled__2025-03-25T00:00:00+00:00', '--job-id', '8', '--raw', '--subdir', '/home/***/.local/lib/python3.7/site-packages/***/example_dags/example_bash_operator.py', '--cfg-path', '/tmp/tmph76fco6_']
[2025-03-26T19:51:40.045+0000] {standard_task_runner.py:83} INFO - Job 8: Subtask run_after_loop
[2025-03-26T19:51:40.151+0000] {task_command.py:388} INFO - Running <TaskInstance: example_bash_operator.run_after_loop scheduled__2025-03-25T00:00:00+00:00 [running]> on host 1fd348127360
[2025-03-26T19:51:40.269+0000] {taskinstance.py:1509} INFO - Exporting the following env vars:
AIRFLOW_CTX_DAG_OWNER=***
AIRFLOW_CTX_DAG_ID=example_bash_operator
AIRFLOW_CTX_TASK_ID=run_after_loop
AIRFLOW_CTX_EXECUTION_DATE=2025-03-25T00:00:00+00:00
AIRFLOW_CTX_TRY_NUMBER=1
AIRFLOW_CTX_DAG_RUN_ID=scheduled__2025-03-25T00:00:00+00:00
[2025-03-26T19:51:40.272+0000] {subprocess.py:63} INFO - Tmp dir root location: 
 /tmp
[2025-03-26T19:51:40.273+0000] {subprocess.py:75} INFO - Running command: ['/bin/bash', '-c', 'echo 1']
[2025-03-26T19:51:40.294+0000] {subprocess.py:86} INFO - Output:
[2025-03-26T19:51:40.297+0000] {subprocess.py:93} INFO - 1
[2025-03-26T19:51:40.297+0000] {subprocess.py:97} INFO - Command exited with return code 0
[2025-03-26T19:51:40.339+0000] {taskinstance.py:1323} INFO - Marking task as SUCCESS. dag_id=example_bash_operator, task_id=run_after_loop, execution_date=20250325T000000, start_date=20250326T195139, end_date=20250326T195140
[2025-03-26T19:51:40.378+0000] {local_task_job.py:208} INFO - Task exited with return code 0
[2025-03-26T19:51:40.411+0000] {taskinstance.py:2578} INFO - 0 downstream tasks scheduled from follow-on schedule check
