[2025-03-26T19:51:37.083+0000] {taskinstance.py:1083} INFO - Dependencies all met for <TaskInstance: example_bash_operator.this_will_skip scheduled__2025-03-25T00:00:00+00:00 [queued]>
[2025-03-26T19:51:37.111+0000] {taskinstance.py:1083} INFO - Dependencies all met for <TaskInstance: example_bash_operator.this_will_skip scheduled__2025-03-25T00:00:00+00:00 [queued]>
[2025-03-26T19:51:37.111+0000] {taskinstance.py:1279} INFO - 
--------------------------------------------------------------------------------
[2025-03-26T19:51:37.111+0000] {taskinstance.py:1280} INFO - Starting attempt 1 of 1
[2025-03-26T19:51:37.111+0000] {taskinstance.py:1281} INFO - 
--------------------------------------------------------------------------------
[2025-03-26T19:51:37.136+0000] {taskinstance.py:1300} INFO - Executing <Task(BashOperator): this_will_skip> on 2025-03-25 00:00:00+00:00
[2025-03-26T19:51:37.166+0000] {standard_task_runner.py:55} INFO - Started process 1595 to run task
[2025-03-26T19:51:37.170+0000] {standard_task_runner.py:82} INFO - Running: ['***', 'tasks', 'run', 'example_bash_operator', 'this_will_skip', 'scheduled__2025-03-25T00:00:00+00:00', '--job-id', '6', '--raw', '--subdir', '/home/***/.local/lib/python3.7/site-packages/***/example_dags/example_bash_operator.py', '--cfg-path', '/tmp/tmp4tir77a7']
[2025-03-26T19:51:37.173+0000] {standard_task_runner.py:83} INFO - Job 6: Subtask this_will_skip
[2025-03-26T19:51:37.370+0000] {task_command.py:388} INFO - Running <TaskInstance: example_bash_operator.this_will_skip scheduled__2025-03-25T00:00:00+00:00 [running]> on host 1fd348127360
[2025-03-26T19:51:37.497+0000] {taskinstance.py:1509} INFO - Exporting the following env vars:
AIRFLOW_CTX_DAG_OWNER=***
AIRFLOW_CTX_DAG_ID=example_bash_operator
AIRFLOW_CTX_TASK_ID=this_will_skip
AIRFLOW_CTX_EXECUTION_DATE=2025-03-25T00:00:00+00:00
AIRFLOW_CTX_TRY_NUMBER=1
AIRFLOW_CTX_DAG_RUN_ID=scheduled__2025-03-25T00:00:00+00:00
[2025-03-26T19:51:37.499+0000] {subprocess.py:63} INFO - Tmp dir root location: 
 /tmp
[2025-03-26T19:51:37.501+0000] {subprocess.py:75} INFO - Running command: ['/bin/bash', '-c', 'echo "hello world"; exit 99;']
[2025-03-26T19:51:37.517+0000] {subprocess.py:86} INFO - Output:
[2025-03-26T19:51:37.520+0000] {subprocess.py:93} INFO - hello world
[2025-03-26T19:51:37.521+0000] {subprocess.py:97} INFO - Command exited with return code 99
[2025-03-26T19:51:37.522+0000] {taskinstance.py:1398} INFO - Bash command returned exit code 99. Skipping.
[2025-03-26T19:51:37.541+0000] {taskinstance.py:1323} INFO - Marking task as SKIPPED. dag_id=example_bash_operator, task_id=this_will_skip, execution_date=20250325T000000, start_date=20250326T195137, end_date=20250326T195137
[2025-03-26T19:51:37.609+0000] {local_task_job.py:208} INFO - Task exited with return code 0
[2025-03-26T19:51:37.650+0000] {taskinstance.py:2578} INFO - 0 downstream tasks scheduled from follow-on schedule check
